

Started GET "/movies?order=title&ratings[G]=1&ratings[NC-17]=1&ratings[PG]=1&ratings[R]=1" for 127.0.0.1 at 2014-03-14 08:28:23 -0700
Connecting to database specified by database.yml
Processing by MoviesController#index as HTML
  Parameters: {"order"=>"title", "ratings"=>{"G"=>"1", "NC-17"=>"1", "PG"=>"1", "R"=>"1"}}
  [1m[36mMovie Load (0.4ms)[0m  [1mSELECT "movies".* FROM "movies" WHERE "movies"."rating" IN ('G', 'NC-17', 'PG', 'R')[0m
  Rendered movies/index.html.haml within layouts/application (13.7ms)
Compiled application.css  (0ms)  (pid 20418)
Compiled jquery.js  (4ms)  (pid 20418)
Compiled jquery_ujs.js  (0ms)  (pid 20418)
Compiled application.js  (12ms)  (pid 20418)
Completed 200 OK in 62ms (Views: 52.7ms | ActiveRecord: 0.4ms)


Started GET "/assets/application.css?body=1" for 127.0.0.1 at 2014-03-14 08:28:23 -0700
Served asset /application.css - 200 OK (5ms)


Started GET "/assets/application.js?body=1" for 127.0.0.1 at 2014-03-14 08:28:23 -0700
Served asset /application.js - 200 OK (4ms)


Started GET "/assets/jquery_ujs.js?body=1" for 127.0.0.1 at 2014-03-14 08:28:23 -0700
Served asset /jquery_ujs.js - 304 Not Modified (1ms)


Started GET "/assets/jquery.js?body=1" for 127.0.0.1 at 2014-03-14 08:28:23 -0700
Served asset /jquery.js - 304 Not Modified (5ms)


Started GET "/movies" for 127.0.0.1 at 2014-03-14 08:28:40 -0700
Processing by MoviesController#index as HTML
Redirected to http://localhost:3000/movies?ratings%5BG%5D=1&ratings%5BNC-17%5D=1&ratings%5BPG%5D=1&ratings%5BR%5D=1
Completed 302 Found in 1ms (ActiveRecord: 0.0ms)


Started GET "/movies?ratings%5BG%5D=1&ratings%5BNC-17%5D=1&ratings%5BPG%5D=1&ratings%5BR%5D=1" for 127.0.0.1 at 2014-03-14 08:28:40 -0700
Processing by MoviesController#index as HTML
  Parameters: {"ratings"=>{"G"=>"1", "NC-17"=>"1", "PG"=>"1", "R"=>"1"}}
  [1m[35mMovie Load (0.3ms)[0m  SELECT "movies".* FROM "movies" WHERE "movies"."rating" IN ('G', 'NC-17', 'PG', 'R')
  Rendered movies/index.html.haml within layouts/application (19.7ms)
Completed 200 OK in 34ms (Views: 32.0ms | ActiveRecord: 0.3ms)


Started GET "/assets/application.css?body=1" for 127.0.0.1 at 2014-03-14 08:28:40 -0700
Served asset /application.css - 200 OK (0ms)


Started GET "/assets/jquery_ujs.js?body=1" for 127.0.0.1 at 2014-03-14 08:28:40 -0700
Served asset /jquery_ujs.js - 304 Not Modified (0ms)


Started GET "/assets/application.js?body=1" for 127.0.0.1 at 2014-03-14 08:28:40 -0700
Served asset /application.js - 200 OK (0ms)


Started GET "/assets/jquery.js?body=1" for 127.0.0.1 at 2014-03-14 08:28:40 -0700
Served asset /jquery.js - 304 Not Modified (0ms)


Started GET "/movies?ratings%5BG%5D=1&ratings%5BNC-17%5D=1&ratings%5BPG%5D=1&ratings%5BR%5D=1&sort=release_date" for 127.0.0.1 at 2014-03-14 08:28:50 -0700
Processing by MoviesController#index as HTML
  Parameters: {"ratings"=>{"G"=>"1", "NC-17"=>"1", "PG"=>"1", "R"=>"1"}, "sort"=>"release_date"}
Redirected to http://localhost:3000/movies?ratings%5BG%5D=1&ratings%5BNC-17%5D=1&ratings%5BPG%5D=1&ratings%5BR%5D=1&sort=release_date
Completed 302 Found in 1ms (ActiveRecord: 0.0ms)


Started GET "/movies?ratings%5BG%5D=1&ratings%5BNC-17%5D=1&ratings%5BPG%5D=1&ratings%5BR%5D=1&sort=release_date" for 127.0.0.1 at 2014-03-14 08:28:50 -0700
Processing by MoviesController#index as HTML
  Parameters: {"ratings"=>{"G"=>"1", "NC-17"=>"1", "PG"=>"1", "R"=>"1"}, "sort"=>"release_date"}
  [1m[36mMovie Load (0.4ms)[0m  [1mSELECT "movies".* FROM "movies" WHERE "movies"."rating" IN ('G', 'NC-17', 'PG', 'R') ORDER BY release_date[0m
  Rendered movies/index.html.haml within layouts/application (20.1ms)
Completed 200 OK in 33ms (Views: 30.9ms | ActiveRecord: 0.4ms)


Started GET "/assets/application.css?body=1" for 127.0.0.1 at 2014-03-14 08:28:50 -0700
Served asset /application.css - 304 Not Modified (25ms)


Started GET "/assets/jquery.js?body=1" for 127.0.0.1 at 2014-03-14 08:28:50 -0700
Served asset /jquery.js - 304 Not Modified (0ms)


Started GET "/assets/application.js?body=1" for 127.0.0.1 at 2014-03-14 08:28:50 -0700
Served asset /application.js - 304 Not Modified (6ms)


Started GET "/assets/jquery_ujs.js?body=1" for 127.0.0.1 at 2014-03-14 08:28:50 -0700
Served asset /jquery_ujs.js - 304 Not Modified (0ms)


Started GET "/movies" for 127.0.0.1 at 2014-03-14 08:28:57 -0700
Processing by MoviesController#index as HTML
Redirected to http://localhost:3000/movies?ratings%5BG%5D=1&ratings%5BNC-17%5D=1&ratings%5BPG%5D=1&ratings%5BR%5D=1&sort=release_date
Completed 302 Found in 1ms (ActiveRecord: 0.0ms)


Started GET "/movies?ratings%5BG%5D=1&ratings%5BNC-17%5D=1&ratings%5BPG%5D=1&ratings%5BR%5D=1&sort=release_date" for 127.0.0.1 at 2014-03-14 08:28:57 -0700
Processing by MoviesController#index as HTML
  Parameters: {"ratings"=>{"G"=>"1", "NC-17"=>"1", "PG"=>"1", "R"=>"1"}, "sort"=>"release_date"}
  [1m[35mMovie Load (0.3ms)[0m  SELECT "movies".* FROM "movies" WHERE "movies"."rating" IN ('G', 'NC-17', 'PG', 'R') ORDER BY release_date
  Rendered movies/index.html.haml within layouts/application (11.6ms)
Completed 200 OK in 30ms (Views: 28.2ms | ActiveRecord: 0.3ms)


Started GET "/assets/application.css?body=1" for 127.0.0.1 at 2014-03-14 08:28:57 -0700
Served asset /application.css - 304 Not Modified (0ms)


Started GET "/assets/jquery_ujs.js?body=1" for 127.0.0.1 at 2014-03-14 08:28:57 -0700
Served asset /jquery_ujs.js - 304 Not Modified (0ms)


Started GET "/assets/application.js?body=1" for 127.0.0.1 at 2014-03-14 08:28:57 -0700
Served asset /application.js - 304 Not Modified (0ms)


Started GET "/assets/jquery.js?body=1" for 127.0.0.1 at 2014-03-14 08:28:57 -0700
Served asset /jquery.js - 304 Not Modified (0ms)
